2017-07-22 15:49:56,590 | INFO  | Refreshing org.apache.activemq.xbean.XBeanBrokerFactory$1@27c20538: startup date [Sat Jul 22 15:49:56 CEST 2017]; root of context hierarchy | org.apache.activemq.xbean.XBeanBrokerFactory$1 | main
2017-07-22 15:49:58,026 | INFO  | Using Persistence Adapter: KahaDBPersistenceAdapter[/home/duckladydinh/Public/distributed_systems/jms/apache-activemq-5.15.0/data/kahadb] | org.apache.activemq.broker.BrokerService | main
2017-07-22 15:49:58,629 | INFO  | PListStore:[/home/duckladydinh/Public/distributed_systems/jms/apache-activemq-5.15.0/data/localhost/tmp_storage] started | org.apache.activemq.store.kahadb.plist.PListStoreImpl | main
2017-07-22 15:49:58,781 | INFO  | Apache ActiveMQ 5.15.0 (localhost, ID:duckladydinh-35971-1500731398637-0:1) is starting | org.apache.activemq.broker.BrokerService | main
2017-07-22 15:49:58,814 | INFO  | Listening for connections at: tcp://duckladydinh:61616?maximumConnections=1000&wireFormat.maxFrameSize=104857600 | org.apache.activemq.transport.TransportServerThreadSupport | main
2017-07-22 15:49:58,816 | INFO  | Connector openwire started | org.apache.activemq.broker.TransportConnector | main
2017-07-22 15:49:58,819 | INFO  | Listening for connections at: amqp://duckladydinh:5672?maximumConnections=1000&wireFormat.maxFrameSize=104857600 | org.apache.activemq.transport.TransportServerThreadSupport | main
2017-07-22 15:49:58,821 | INFO  | Connector amqp started | org.apache.activemq.broker.TransportConnector | main
2017-07-22 15:49:58,825 | INFO  | Listening for connections at: stomp://duckladydinh:61613?maximumConnections=1000&wireFormat.maxFrameSize=104857600 | org.apache.activemq.transport.TransportServerThreadSupport | main
2017-07-22 15:49:58,827 | INFO  | Connector stomp started | org.apache.activemq.broker.TransportConnector | main
2017-07-22 15:49:58,832 | INFO  | Listening for connections at: mqtt://duckladydinh:1883?maximumConnections=1000&wireFormat.maxFrameSize=104857600 | org.apache.activemq.transport.TransportServerThreadSupport | main
2017-07-22 15:49:58,834 | INFO  | Connector mqtt started | org.apache.activemq.broker.TransportConnector | main
2017-07-22 15:49:58,990 | WARN  | ServletContext@o.e.j.s.ServletContextHandler@5a9f4771{/,null,STARTING} has uncovered http methods for path: / | org.eclipse.jetty.security.SecurityHandler | main
2017-07-22 15:49:59,039 | INFO  | Listening for connections at ws://duckladydinh:61614?maximumConnections=1000&wireFormat.maxFrameSize=104857600 | org.apache.activemq.transport.ws.WSTransportServer | main
2017-07-22 15:49:59,040 | INFO  | Connector ws started | org.apache.activemq.broker.TransportConnector | main
2017-07-22 15:49:59,041 | INFO  | Apache ActiveMQ 5.15.0 (localhost, ID:duckladydinh-35971-1500731398637-0:1) started | org.apache.activemq.broker.BrokerService | main
2017-07-22 15:49:59,042 | INFO  | For help or more information please see: http://activemq.apache.org | org.apache.activemq.broker.BrokerService | main
2017-07-22 15:49:59,044 | WARN  | Store limit is 102400 mb (current store usage is 0 mb). The data directory: /home/duckladydinh/Public/distributed_systems/jms/apache-activemq-5.15.0/data/kahadb only has 75791 mb of usable space. - resetting to maximum available disk space: 75791 mb | org.apache.activemq.broker.BrokerService | main
2017-07-22 15:49:59,689 | INFO  | No Spring WebApplicationInitializer types detected on classpath | /admin | main
2017-07-22 15:49:59,847 | INFO  | ActiveMQ WebConsole available at http://0.0.0.0:8161/ | org.apache.activemq.web.WebConsoleStarter | main
2017-07-22 15:49:59,847 | INFO  | ActiveMQ Jolokia REST API available at http://0.0.0.0:8161/api/jolokia/ | org.apache.activemq.web.WebConsoleStarter | main
2017-07-22 15:49:59,893 | INFO  | Initializing Spring FrameworkServlet 'dispatcher' | /admin | main
2017-07-22 15:50:00,117 | INFO  | No Spring WebApplicationInitializer types detected on classpath | /api | main
2017-07-22 15:50:00,196 | INFO  | jolokia-agent: Using policy access restrictor classpath:/jolokia-access.xml | /api | main
2017-07-22 16:25:30,238 | INFO  | Apache ActiveMQ 5.15.0 (localhost, ID:duckladydinh-35971-1500731398637-0:1) is shutting down | org.apache.activemq.broker.BrokerService | Thread-23
2017-07-22 16:25:30,240 | INFO  | Connector openwire stopped | org.apache.activemq.broker.TransportConnector | Thread-23
2017-07-22 16:25:30,240 | INFO  | Connector amqp stopped | org.apache.activemq.broker.TransportConnector | Thread-23
2017-07-22 16:25:30,241 | INFO  | Connector stomp stopped | org.apache.activemq.broker.TransportConnector | Thread-23
2017-07-22 16:25:30,242 | INFO  | Connector mqtt stopped | org.apache.activemq.broker.TransportConnector | Thread-23
2017-07-22 16:25:30,242 | INFO  | socketQueue interrupted - stopping | org.apache.activemq.transport.tcp.TcpTransportServer | ActiveMQ Transport Server Thread Handler: mqtt://0.0.0.0:1883?maximumConnections=1000&wireFormat.maxFrameSize=104857600
2017-07-22 16:25:30,245 | INFO  | Could not accept connection during shutdown  : {} | org.apache.activemq.broker.TransportConnector | ActiveMQ Transport Server Thread Handler: mqtt://0.0.0.0:1883?maximumConnections=1000&wireFormat.maxFrameSize=104857600
java.lang.InterruptedException
	at java.util.concurrent.locks.AbstractQueuedSynchronizer$ConditionObject.reportInterruptAfterWait(AbstractQueuedSynchronizer.java:2014)[:1.8.0_131]
	at java.util.concurrent.locks.AbstractQueuedSynchronizer$ConditionObject.awaitNanos(AbstractQueuedSynchronizer.java:2088)[:1.8.0_131]
	at java.util.concurrent.LinkedBlockingQueue.poll(LinkedBlockingQueue.java:467)[:1.8.0_131]
	at org.apache.activemq.transport.tcp.TcpTransportServer$1.run(TcpTransportServer.java:479)[activemq-client-5.15.0.jar:5.15.0]
	at java.lang.Thread.run(Thread.java:748)[:1.8.0_131]
2017-07-22 16:25:30,250 | INFO  | Connector ws stopped | org.apache.activemq.broker.TransportConnector | Thread-23
2017-07-22 16:25:30,254 | INFO  | PListStore:[/home/duckladydinh/Public/distributed_systems/jms/apache-activemq-5.15.0/data/localhost/tmp_storage] stopped | org.apache.activemq.store.kahadb.plist.PListStoreImpl | Thread-23
2017-07-22 16:25:30,255 | INFO  | Stopping async queue tasks | org.apache.activemq.store.kahadb.KahaDBStore | Thread-23
2017-07-22 16:25:30,255 | INFO  | Stopping async topic tasks | org.apache.activemq.store.kahadb.KahaDBStore | Thread-23
2017-07-22 16:25:30,267 | INFO  | Stopped KahaDB | org.apache.activemq.store.kahadb.KahaDBStore | Thread-23
2017-07-22 16:25:30,471 | INFO  | Apache ActiveMQ 5.15.0 (localhost, ID:duckladydinh-35971-1500731398637-0:1) uptime 35 minutes | org.apache.activemq.broker.BrokerService | Thread-23
2017-07-22 16:25:30,472 | INFO  | Apache ActiveMQ 5.15.0 (localhost, ID:duckladydinh-35971-1500731398637-0:1) is shutdown | org.apache.activemq.broker.BrokerService | Thread-23
2017-07-22 16:25:30,474 | INFO  | Closing org.apache.activemq.xbean.XBeanBrokerFactory$1@27c20538: startup date [Sat Jul 22 15:49:56 CEST 2017]; root of context hierarchy | org.apache.activemq.xbean.XBeanBrokerFactory$1 | Thread-23
2017-07-22 16:25:30,478 | INFO  | Destroying Spring FrameworkServlet 'dispatcher' | /admin | Thread-23
2017-07-22 16:32:11,857 | INFO  | Refreshing org.apache.activemq.xbean.XBeanBrokerFactory$1@27c20538: startup date [Sat Jul 22 16:32:11 CEST 2017]; root of context hierarchy | org.apache.activemq.xbean.XBeanBrokerFactory$1 | main
2017-07-22 16:32:12,686 | INFO  | Using Persistence Adapter: KahaDBPersistenceAdapter[/home/duckladydinh/Public/distributed_systems/jms/apache-activemq-5.15.0/data/kahadb] | org.apache.activemq.broker.BrokerService | main
2017-07-22 16:32:12,844 | INFO  | KahaDB is version 6 | org.apache.activemq.store.kahadb.MessageDatabase | main
2017-07-22 16:32:12,860 | INFO  | Recovering from the journal @1:504 | org.apache.activemq.store.kahadb.MessageDatabase | main
2017-07-22 16:32:12,876 | INFO  | Recovery replayed 423 operations from the journal in 0.027 seconds. | org.apache.activemq.store.kahadb.MessageDatabase | main
2017-07-22 16:32:12,883 | INFO  | PListStore:[/home/duckladydinh/Public/distributed_systems/jms/apache-activemq-5.15.0/data/localhost/tmp_storage] started | org.apache.activemq.store.kahadb.plist.PListStoreImpl | main
2017-07-22 16:32:13,014 | INFO  | Apache ActiveMQ 5.15.0 (localhost, ID:duckladydinh-34905-1500733932891-0:1) is starting | org.apache.activemq.broker.BrokerService | main
2017-07-22 16:32:13,028 | INFO  | Listening for connections at: tcp://duckladydinh:61616?maximumConnections=1000&wireFormat.maxFrameSize=104857600 | org.apache.activemq.transport.TransportServerThreadSupport | main
2017-07-22 16:32:13,030 | INFO  | Connector openwire started | org.apache.activemq.broker.TransportConnector | main
2017-07-22 16:32:13,033 | INFO  | Listening for connections at: amqp://duckladydinh:5672?maximumConnections=1000&wireFormat.maxFrameSize=104857600 | org.apache.activemq.transport.TransportServerThreadSupport | main
2017-07-22 16:32:13,035 | INFO  | Connector amqp started | org.apache.activemq.broker.TransportConnector | main
2017-07-22 16:32:13,038 | INFO  | Listening for connections at: stomp://duckladydinh:61613?maximumConnections=1000&wireFormat.maxFrameSize=104857600 | org.apache.activemq.transport.TransportServerThreadSupport | main
2017-07-22 16:32:13,039 | INFO  | Connector stomp started | org.apache.activemq.broker.TransportConnector | main
2017-07-22 16:32:13,042 | INFO  | Listening for connections at: mqtt://duckladydinh:1883?maximumConnections=1000&wireFormat.maxFrameSize=104857600 | org.apache.activemq.transport.TransportServerThreadSupport | main
2017-07-22 16:32:13,044 | INFO  | Connector mqtt started | org.apache.activemq.broker.TransportConnector | main
2017-07-22 16:32:13,186 | WARN  | ServletContext@o.e.j.s.ServletContextHandler@3561c410{/,null,STARTING} has uncovered http methods for path: / | org.eclipse.jetty.security.SecurityHandler | main
2017-07-22 16:32:13,213 | INFO  | Listening for connections at ws://duckladydinh:61614?maximumConnections=1000&wireFormat.maxFrameSize=104857600 | org.apache.activemq.transport.ws.WSTransportServer | main
2017-07-22 16:32:13,215 | INFO  | Connector ws started | org.apache.activemq.broker.TransportConnector | main
2017-07-22 16:32:13,216 | INFO  | Apache ActiveMQ 5.15.0 (localhost, ID:duckladydinh-34905-1500733932891-0:1) started | org.apache.activemq.broker.BrokerService | main
2017-07-22 16:32:13,216 | INFO  | For help or more information please see: http://activemq.apache.org | org.apache.activemq.broker.BrokerService | main
2017-07-22 16:32:13,217 | WARN  | Store limit is 102400 mb (current store usage is 0 mb). The data directory: /home/duckladydinh/Public/distributed_systems/jms/apache-activemq-5.15.0/data/kahadb only has 75743 mb of usable space. - resetting to maximum available disk space: 75743 mb | org.apache.activemq.broker.BrokerService | main
2017-07-22 16:32:13,759 | INFO  | No Spring WebApplicationInitializer types detected on classpath | /admin | main
2017-07-22 16:32:13,881 | INFO  | ActiveMQ WebConsole available at http://0.0.0.0:8161/ | org.apache.activemq.web.WebConsoleStarter | main
2017-07-22 16:32:13,881 | INFO  | ActiveMQ Jolokia REST API available at http://0.0.0.0:8161/api/jolokia/ | org.apache.activemq.web.WebConsoleStarter | main
2017-07-22 16:32:13,935 | INFO  | Initializing Spring FrameworkServlet 'dispatcher' | /admin | main
2017-07-22 16:32:14,109 | INFO  | No Spring WebApplicationInitializer types detected on classpath | /api | main
2017-07-22 16:32:14,183 | INFO  | jolokia-agent: Using policy access restrictor classpath:/jolokia-access.xml | /api | main
2017-07-22 16:36:26,999 | WARN  | Transport Connection to: tcp://127.0.0.1:35116 failed: java.net.SocketException: Connection reset | org.apache.activemq.broker.TransportConnection.Transport | ActiveMQ Transport: tcp:///127.0.0.1:35116@61616
2017-07-22 16:36:27,003 | ERROR | Could not accept connection from tcp://127.0.0.1:35116 : {} | org.apache.activemq.broker.TransportConnector | ActiveMQ BrokerService[localhost] Task-1
java.net.SocketException: Broken pipe (Write failed)
	at java.net.SocketOutputStream.socketWrite0(Native Method)[:1.8.0_131]
	at java.net.SocketOutputStream.socketWrite(SocketOutputStream.java:111)[:1.8.0_131]
	at java.net.SocketOutputStream.write(SocketOutputStream.java:155)[:1.8.0_131]
	at org.apache.activemq.transport.tcp.TcpBufferedOutputStream.flush(TcpBufferedOutputStream.java:115)[activemq-client-5.15.0.jar:5.15.0]
	at java.io.DataOutputStream.flush(DataOutputStream.java:123)[:1.8.0_131]
	at org.apache.activemq.transport.tcp.TcpTransport.oneway(TcpTransport.java:194)[activemq-client-5.15.0.jar:5.15.0]
	at org.apache.activemq.transport.AbstractInactivityMonitor.doOnewaySend(AbstractInactivityMonitor.java:335)[activemq-client-5.15.0.jar:5.15.0]
	at org.apache.activemq.transport.AbstractInactivityMonitor.oneway(AbstractInactivityMonitor.java:317)[activemq-client-5.15.0.jar:5.15.0]
	at org.apache.activemq.transport.WireFormatNegotiator.sendWireFormat(WireFormatNegotiator.java:181)[activemq-client-5.15.0.jar:5.15.0]
	at org.apache.activemq.transport.WireFormatNegotiator.sendWireFormat(WireFormatNegotiator.java:84)[activemq-client-5.15.0.jar:5.15.0]
	at org.apache.activemq.transport.WireFormatNegotiator.start(WireFormatNegotiator.java:74)[activemq-client-5.15.0.jar:5.15.0]
	at org.apache.activemq.transport.TransportFilter.start(TransportFilter.java:64)[activemq-client-5.15.0.jar:5.15.0]
	at org.apache.activemq.broker.TransportConnection.start(TransportConnection.java:1066)[activemq-broker-5.15.0.jar:5.15.0]
	at org.apache.activemq.broker.TransportConnector$1$1.run(TransportConnector.java:218)[activemq-broker-5.15.0.jar:5.15.0]
	at java.util.concurrent.ThreadPoolExecutor.runWorker(ThreadPoolExecutor.java:1142)[:1.8.0_131]
	at java.util.concurrent.ThreadPoolExecutor$Worker.run(ThreadPoolExecutor.java:617)[:1.8.0_131]
	at java.lang.Thread.run(Thread.java:748)[:1.8.0_131]
2017-07-22 16:36:39,230 | WARN  | Transport Connection to: tcp://0:0:0:0:0:0:0:1:54612 failed: java.io.IOException: Frame size of 1 GB larger than max allowed 100 MB | org.apache.activemq.broker.TransportConnection.Transport | ActiveMQ Transport: tcp:///0:0:0:0:0:0:0:1:54612@61616
2017-07-22 16:36:39,321 | WARN  | Transport Connection to: tcp://0:0:0:0:0:0:0:1:54614 failed: java.io.IOException: Frame size of 1 GB larger than max allowed 100 MB | org.apache.activemq.broker.TransportConnection.Transport | ActiveMQ Transport: tcp:///0:0:0:0:0:0:0:1:54614@61616
2017-07-22 16:40:23,962 | WARN  | Transport Connection to: tcp://127.0.0.1:37182 failed: java.io.EOFException | org.apache.activemq.broker.TransportConnection.Transport | ActiveMQ Transport: tcp:///127.0.0.1:37182@61616
2017-07-22 16:42:20,079 | INFO  | Apache ActiveMQ 5.15.0 (localhost, ID:duckladydinh-34905-1500733932891-0:1) is shutting down | org.apache.activemq.broker.BrokerService | Thread-23
2017-07-22 16:42:20,080 | INFO  | Connector openwire stopped | org.apache.activemq.broker.TransportConnector | Thread-23
2017-07-22 16:42:20,081 | INFO  | socketQueue interrupted - stopping | org.apache.activemq.transport.tcp.TcpTransportServer | ActiveMQ Transport Server Thread Handler: tcp://0.0.0.0:61616?maximumConnections=1000&wireFormat.maxFrameSize=104857600
2017-07-22 16:42:20,083 | INFO  | Could not accept connection during shutdown  : {} | org.apache.activemq.broker.TransportConnector | ActiveMQ Transport Server Thread Handler: tcp://0.0.0.0:61616?maximumConnections=1000&wireFormat.maxFrameSize=104857600
java.lang.InterruptedException
	at java.util.concurrent.locks.AbstractQueuedSynchronizer$ConditionObject.reportInterruptAfterWait(AbstractQueuedSynchronizer.java:2014)[:1.8.0_131]
	at java.util.concurrent.locks.AbstractQueuedSynchronizer$ConditionObject.awaitNanos(AbstractQueuedSynchronizer.java:2088)[:1.8.0_131]
	at java.util.concurrent.LinkedBlockingQueue.poll(LinkedBlockingQueue.java:467)[:1.8.0_131]
	at org.apache.activemq.transport.tcp.TcpTransportServer$1.run(TcpTransportServer.java:479)[activemq-client-5.15.0.jar:5.15.0]
	at java.lang.Thread.run(Thread.java:748)[:1.8.0_131]
2017-07-22 16:42:20,084 | INFO  | Connector amqp stopped | org.apache.activemq.broker.TransportConnector | Thread-23
2017-07-22 16:42:20,085 | INFO  | Connector stomp stopped | org.apache.activemq.broker.TransportConnector | Thread-23
2017-07-22 16:42:20,084 | INFO  | socketQueue interrupted - stopping | org.apache.activemq.transport.tcp.TcpTransportServer | ActiveMQ Transport Server Thread Handler: amqp://0.0.0.0:5672?maximumConnections=1000&wireFormat.maxFrameSize=104857600
2017-07-22 16:42:20,088 | INFO  | Connector mqtt stopped | org.apache.activemq.broker.TransportConnector | Thread-23
2017-07-22 16:42:20,089 | INFO  | Could not accept connection during shutdown  : {} | org.apache.activemq.broker.TransportConnector | ActiveMQ Transport Server Thread Handler: amqp://0.0.0.0:5672?maximumConnections=1000&wireFormat.maxFrameSize=104857600
java.lang.InterruptedException
	at java.util.concurrent.locks.AbstractQueuedSynchronizer$ConditionObject.reportInterruptAfterWait(AbstractQueuedSynchronizer.java:2014)[:1.8.0_131]
	at java.util.concurrent.locks.AbstractQueuedSynchronizer$ConditionObject.awaitNanos(AbstractQueuedSynchronizer.java:2088)[:1.8.0_131]
	at java.util.concurrent.LinkedBlockingQueue.poll(LinkedBlockingQueue.java:467)[:1.8.0_131]
	at org.apache.activemq.transport.tcp.TcpTransportServer$1.run(TcpTransportServer.java:479)[activemq-client-5.15.0.jar:5.15.0]
	at java.lang.Thread.run(Thread.java:748)[:1.8.0_131]
2017-07-22 16:42:20,093 | INFO  | Connector ws stopped | org.apache.activemq.broker.TransportConnector | Thread-23
2017-07-22 16:42:20,095 | INFO  | PListStore:[/home/duckladydinh/Public/distributed_systems/jms/apache-activemq-5.15.0/data/localhost/tmp_storage] stopped | org.apache.activemq.store.kahadb.plist.PListStoreImpl | Thread-23
2017-07-22 16:42:20,096 | INFO  | Stopping async queue tasks | org.apache.activemq.store.kahadb.KahaDBStore | Thread-23
2017-07-22 16:42:20,096 | INFO  | Stopping async topic tasks | org.apache.activemq.store.kahadb.KahaDBStore | Thread-23
2017-07-22 16:42:20,096 | INFO  | Stopped KahaDB | org.apache.activemq.store.kahadb.KahaDBStore | Thread-23
2017-07-22 16:42:20,349 | INFO  | Apache ActiveMQ 5.15.0 (localhost, ID:duckladydinh-34905-1500733932891-0:1) uptime 10 minutes | org.apache.activemq.broker.BrokerService | Thread-23
2017-07-22 16:42:20,350 | INFO  | Apache ActiveMQ 5.15.0 (localhost, ID:duckladydinh-34905-1500733932891-0:1) is shutdown | org.apache.activemq.broker.BrokerService | Thread-23
2017-07-22 16:42:20,351 | INFO  | Closing org.apache.activemq.xbean.XBeanBrokerFactory$1@27c20538: startup date [Sat Jul 22 16:32:11 CEST 2017]; root of context hierarchy | org.apache.activemq.xbean.XBeanBrokerFactory$1 | Thread-23
2017-07-22 16:42:20,354 | INFO  | Destroying Spring FrameworkServlet 'dispatcher' | /admin | Thread-23
2017-07-22 16:44:11,410 | INFO  | Refreshing org.apache.activemq.xbean.XBeanBrokerFactory$1@27c20538: startup date [Sat Jul 22 16:44:11 CEST 2017]; root of context hierarchy | org.apache.activemq.xbean.XBeanBrokerFactory$1 | main
2017-07-22 16:44:12,229 | INFO  | Using Persistence Adapter: KahaDBPersistenceAdapter[/home/duckladydinh/Public/distributed_systems/jms/apache-activemq-5.15.0/data/kahadb] | org.apache.activemq.broker.BrokerService | main
2017-07-22 16:44:12,403 | INFO  | KahaDB is version 6 | org.apache.activemq.store.kahadb.MessageDatabase | main
2017-07-22 16:44:12,416 | INFO  | Recovering from the journal @1:51252 | org.apache.activemq.store.kahadb.MessageDatabase | main
2017-07-22 16:44:12,423 | INFO  | Recovery replayed 121 operations from the journal in 0.015 seconds. | org.apache.activemq.store.kahadb.MessageDatabase | main
2017-07-22 16:44:12,430 | INFO  | PListStore:[/home/duckladydinh/Public/distributed_systems/jms/apache-activemq-5.15.0/data/localhost/tmp_storage] started | org.apache.activemq.store.kahadb.plist.PListStoreImpl | main
2017-07-22 16:44:12,564 | INFO  | Apache ActiveMQ 5.15.0 (localhost, ID:duckladydinh-43515-1500734652438-0:1) is starting | org.apache.activemq.broker.BrokerService | main
2017-07-22 16:44:12,579 | INFO  | Listening for connections at: tcp://duckladydinh:61616?maximumConnections=1000&wireFormat.maxFrameSize=104857600 | org.apache.activemq.transport.TransportServerThreadSupport | main
2017-07-22 16:44:12,581 | INFO  | Connector openwire started | org.apache.activemq.broker.TransportConnector | main
2017-07-22 16:44:12,584 | INFO  | Listening for connections at: amqp://duckladydinh:5672?maximumConnections=1000&wireFormat.maxFrameSize=104857600 | org.apache.activemq.transport.TransportServerThreadSupport | main
2017-07-22 16:44:12,586 | INFO  | Connector amqp started | org.apache.activemq.broker.TransportConnector | main
2017-07-22 16:44:12,589 | INFO  | Listening for connections at: stomp://duckladydinh:61613?maximumConnections=1000&wireFormat.maxFrameSize=104857600 | org.apache.activemq.transport.TransportServerThreadSupport | main
2017-07-22 16:44:12,590 | INFO  | Connector stomp started | org.apache.activemq.broker.TransportConnector | main
2017-07-22 16:44:12,597 | INFO  | Listening for connections at: mqtt://duckladydinh:1883?maximumConnections=1000&wireFormat.maxFrameSize=104857600 | org.apache.activemq.transport.TransportServerThreadSupport | main
2017-07-22 16:44:12,598 | INFO  | Connector mqtt started | org.apache.activemq.broker.TransportConnector | main
2017-07-22 16:44:12,730 | WARN  | ServletContext@o.e.j.s.ServletContextHandler@d278d2b{/,null,STARTING} has uncovered http methods for path: / | org.eclipse.jetty.security.SecurityHandler | main
2017-07-22 16:44:12,760 | INFO  | Listening for connections at ws://duckladydinh:61614?maximumConnections=1000&wireFormat.maxFrameSize=104857600 | org.apache.activemq.transport.ws.WSTransportServer | main
2017-07-22 16:44:12,761 | INFO  | Connector ws started | org.apache.activemq.broker.TransportConnector | main
2017-07-22 16:44:12,762 | INFO  | Apache ActiveMQ 5.15.0 (localhost, ID:duckladydinh-43515-1500734652438-0:1) started | org.apache.activemq.broker.BrokerService | main
2017-07-22 16:44:12,763 | INFO  | For help or more information please see: http://activemq.apache.org | org.apache.activemq.broker.BrokerService | main
2017-07-22 16:44:12,763 | WARN  | Store limit is 102400 mb (current store usage is 0 mb). The data directory: /home/duckladydinh/Public/distributed_systems/jms/apache-activemq-5.15.0/data/kahadb only has 75740 mb of usable space. - resetting to maximum available disk space: 75740 mb | org.apache.activemq.broker.BrokerService | main
2017-07-22 16:44:13,320 | INFO  | No Spring WebApplicationInitializer types detected on classpath | /admin | main
2017-07-22 16:44:13,430 | INFO  | ActiveMQ WebConsole available at http://0.0.0.0:8161/ | org.apache.activemq.web.WebConsoleStarter | main
2017-07-22 16:44:13,430 | INFO  | ActiveMQ Jolokia REST API available at http://0.0.0.0:8161/api/jolokia/ | org.apache.activemq.web.WebConsoleStarter | main
2017-07-22 16:44:13,470 | INFO  | Initializing Spring FrameworkServlet 'dispatcher' | /admin | main
2017-07-22 16:44:13,652 | INFO  | No Spring WebApplicationInitializer types detected on classpath | /api | main
2017-07-22 16:44:13,733 | INFO  | jolokia-agent: Using policy access restrictor classpath:/jolokia-access.xml | /api | main
2017-07-22 17:01:33,194 | WARN  | Transport Connection to: tcp://127.0.0.1:51462 failed: org.apache.activemq.transport.InactivityIOException: Channel was inactive (no connection attempt made) for too (>30000) long: tcp://127.0.0.1:51462 | org.apache.activemq.broker.TransportConnection.Transport | ActiveMQ InactivityMonitor Worker
2017-07-22 17:07:06,322 | WARN  | Exception occurred processing: STOMP -> org.apache.activemq.transport.stomp.ProtocolException: Already connected. | org.apache.activemq.transport.stomp.ProtocolConverter | ActiveMQ Transport: tcp:///127.0.0.1:51694@61613
2017-07-22 17:07:07,017 | WARN  | Exception occurred processing: STOMP -> org.apache.activemq.transport.stomp.ProtocolException: Already connected. | org.apache.activemq.transport.stomp.ProtocolConverter | ActiveMQ Transport: tcp:///127.0.0.1:51694@61613
2017-07-22 17:07:08,394 | WARN  | Exception occurred processing: STOMP -> org.apache.activemq.transport.stomp.ProtocolException: Already connected. | org.apache.activemq.transport.stomp.ProtocolConverter | ActiveMQ Transport: tcp:///127.0.0.1:51694@61613
2017-07-22 17:07:14,482 | WARN  | Exception occurred processing: STOMP -> org.apache.activemq.transport.stomp.ProtocolException: Already connected. | org.apache.activemq.transport.stomp.ProtocolConverter | ActiveMQ Transport: tcp:///127.0.0.1:51694@61613
2017-07-22 17:16:46,490 | WARN  | Transport Connection to: tcp://127.0.0.1:51794 failed: org.apache.activemq.transport.InactivityIOException: Channel was inactive (no connection attempt made) for too (>30000) long: tcp://127.0.0.1:51794 | org.apache.activemq.broker.TransportConnection.Transport | ActiveMQ InactivityMonitor Worker
2017-07-22 18:02:34,082 | INFO  | Connector vm://localhost started | org.apache.activemq.broker.TransportConnector | qtp1259639178-41
2017-07-22 18:21:33,597 | INFO  | Apache ActiveMQ 5.15.0 (localhost, ID:duckladydinh-43515-1500734652438-0:1) is shutting down | org.apache.activemq.broker.BrokerService | Thread-23
2017-07-22 18:21:33,598 | INFO  | Connector openwire stopped | org.apache.activemq.broker.TransportConnector | Thread-23
2017-07-22 18:21:33,602 | INFO  | Connector amqp stopped | org.apache.activemq.broker.TransportConnector | Thread-23
2017-07-22 18:21:33,603 | INFO  | Connector stomp stopped | org.apache.activemq.broker.TransportConnector | Thread-23
2017-07-22 18:21:33,604 | INFO  | Connector mqtt stopped | org.apache.activemq.broker.TransportConnector | Thread-23
2017-07-22 18:21:33,607 | INFO  | Connector ws stopped | org.apache.activemq.broker.TransportConnector | Thread-23
2017-07-22 18:21:33,609 | INFO  | Connector vm://localhost stopped | org.apache.activemq.broker.TransportConnector | Thread-23
2017-07-22 18:21:33,612 | INFO  | PListStore:[/home/duckladydinh/Public/distributed_systems/jms/apache-activemq-5.15.0/data/localhost/tmp_storage] stopped | org.apache.activemq.store.kahadb.plist.PListStoreImpl | Thread-23
2017-07-22 18:21:33,613 | INFO  | Stopping async queue tasks | org.apache.activemq.store.kahadb.KahaDBStore | Thread-23
2017-07-22 18:21:33,613 | INFO  | Stopping async topic tasks | org.apache.activemq.store.kahadb.KahaDBStore | Thread-23
2017-07-22 18:21:33,614 | INFO  | Stopped KahaDB | org.apache.activemq.store.kahadb.KahaDBStore | Thread-23
2017-07-22 18:21:33,875 | INFO  | Apache ActiveMQ 5.15.0 (localhost, ID:duckladydinh-43515-1500734652438-0:1) uptime 1 hour 37 minutes | org.apache.activemq.broker.BrokerService | Thread-23
2017-07-22 18:21:33,876 | INFO  | Apache ActiveMQ 5.15.0 (localhost, ID:duckladydinh-43515-1500734652438-0:1) is shutdown | org.apache.activemq.broker.BrokerService | Thread-23
2017-07-22 18:21:33,876 | INFO  | Closing org.apache.activemq.xbean.XBeanBrokerFactory$1@27c20538: startup date [Sat Jul 22 16:44:11 CEST 2017]; root of context hierarchy | org.apache.activemq.xbean.XBeanBrokerFactory$1 | Thread-23
2017-07-22 18:21:33,879 | INFO  | Destroying Spring FrameworkServlet 'dispatcher' | /admin | Thread-23
2017-07-22 18:21:37,348 | INFO  | Refreshing org.apache.activemq.xbean.XBeanBrokerFactory$1@27c20538: startup date [Sat Jul 22 18:21:37 CEST 2017]; root of context hierarchy | org.apache.activemq.xbean.XBeanBrokerFactory$1 | main
2017-07-22 18:21:38,216 | INFO  | Using Persistence Adapter: KahaDBPersistenceAdapter[/home/duckladydinh/Public/distributed_systems/jms/apache-activemq-5.15.0/data/kahadb] | org.apache.activemq.broker.BrokerService | main
2017-07-22 18:21:38,408 | INFO  | KahaDB is version 6 | org.apache.activemq.store.kahadb.MessageDatabase | main
2017-07-22 18:21:38,424 | INFO  | Recovering from the journal @1:66127 | org.apache.activemq.store.kahadb.MessageDatabase | main
2017-07-22 18:21:38,453 | INFO  | Recovery replayed 1173 operations from the journal in 0.038 seconds. | org.apache.activemq.store.kahadb.MessageDatabase | main
2017-07-22 18:21:38,461 | INFO  | PListStore:[/home/duckladydinh/Public/distributed_systems/jms/apache-activemq-5.15.0/data/localhost/tmp_storage] started | org.apache.activemq.store.kahadb.plist.PListStoreImpl | main
2017-07-22 18:21:38,596 | INFO  | Apache ActiveMQ 5.15.0 (localhost, ID:duckladydinh-32775-1500740498470-0:1) is starting | org.apache.activemq.broker.BrokerService | main
2017-07-22 18:21:38,696 | INFO  | Listening for connections at: tcp://duckladydinh:61616?maximumConnections=1000&wireFormat.maxFrameSize=104857600 | org.apache.activemq.transport.TransportServerThreadSupport | main
2017-07-22 18:21:38,698 | INFO  | Connector openwire started | org.apache.activemq.broker.TransportConnector | main
2017-07-22 18:21:38,704 | INFO  | Listening for connections at: amqp://duckladydinh:5672?maximumConnections=1000&wireFormat.maxFrameSize=104857600 | org.apache.activemq.transport.TransportServerThreadSupport | main
2017-07-22 18:21:38,706 | INFO  | Connector amqp started | org.apache.activemq.broker.TransportConnector | main
2017-07-22 18:21:38,710 | INFO  | Listening for connections at: stomp://duckladydinh:61613?maximumConnections=1000&wireFormat.maxFrameSize=104857600&jms.prefetchPolicy.queuePrefetch=0 | org.apache.activemq.transport.TransportServerThreadSupport | main
2017-07-22 18:21:38,720 | INFO  | Connector stomp started | org.apache.activemq.broker.TransportConnector | main
2017-07-22 18:21:38,723 | INFO  | Listening for connections at: mqtt://duckladydinh:1883?maximumConnections=1000&wireFormat.maxFrameSize=104857600 | org.apache.activemq.transport.TransportServerThreadSupport | main
2017-07-22 18:21:38,725 | INFO  | Connector mqtt started | org.apache.activemq.broker.TransportConnector | main
2017-07-22 18:21:38,836 | WARN  | ServletContext@o.e.j.s.ServletContextHandler@106cc338{/,null,STARTING} has uncovered http methods for path: / | org.eclipse.jetty.security.SecurityHandler | main
2017-07-22 18:21:38,877 | INFO  | Listening for connections at ws://duckladydinh:61614?maximumConnections=1000&wireFormat.maxFrameSize=104857600 | org.apache.activemq.transport.ws.WSTransportServer | main
2017-07-22 18:21:38,879 | INFO  | Connector ws started | org.apache.activemq.broker.TransportConnector | main
2017-07-22 18:21:38,880 | INFO  | Apache ActiveMQ 5.15.0 (localhost, ID:duckladydinh-32775-1500740498470-0:1) started | org.apache.activemq.broker.BrokerService | main
2017-07-22 18:21:38,881 | INFO  | For help or more information please see: http://activemq.apache.org | org.apache.activemq.broker.BrokerService | main
2017-07-22 18:21:38,882 | WARN  | Store limit is 102400 mb (current store usage is 0 mb). The data directory: /home/duckladydinh/Public/distributed_systems/jms/apache-activemq-5.15.0/data/kahadb only has 75721 mb of usable space. - resetting to maximum available disk space: 75721 mb | org.apache.activemq.broker.BrokerService | main
2017-07-22 18:21:39,373 | INFO  | No Spring WebApplicationInitializer types detected on classpath | /admin | main
2017-07-22 18:21:39,648 | INFO  | ActiveMQ WebConsole available at http://0.0.0.0:8161/ | org.apache.activemq.web.WebConsoleStarter | main
2017-07-22 18:21:39,649 | INFO  | ActiveMQ Jolokia REST API available at http://0.0.0.0:8161/api/jolokia/ | org.apache.activemq.web.WebConsoleStarter | main
2017-07-22 18:21:39,713 | INFO  | Initializing Spring FrameworkServlet 'dispatcher' | /admin | main
2017-07-22 18:21:39,918 | INFO  | No Spring WebApplicationInitializer types detected on classpath | /api | main
2017-07-22 18:21:39,992 | INFO  | jolokia-agent: Using policy access restrictor classpath:/jolokia-access.xml | /api | main
2017-07-22 18:21:54,886 | WARN  |  | org.eclipse.jetty.servlet.ServletHandler | qtp1033917063-36
org.springframework.web.util.NestedServletException: Request processing failed; nested exception is java.lang.UnsupportedOperationException: Possible CSRF attack
	at org.springframework.web.servlet.FrameworkServlet.processRequest(FrameworkServlet.java:982)[spring-webmvc-4.3.9.RELEASE.jar:4.3.9.RELEASE]
	at org.springframework.web.servlet.FrameworkServlet.doGet(FrameworkServlet.java:861)[spring-webmvc-4.3.9.RELEASE.jar:4.3.9.RELEASE]
	at javax.servlet.http.HttpServlet.service(HttpServlet.java:622)[tomcat-servlet-api-8.0.24.jar:]
	at org.springframework.web.servlet.FrameworkServlet.service(FrameworkServlet.java:846)[spring-webmvc-4.3.9.RELEASE.jar:4.3.9.RELEASE]
	at javax.servlet.http.HttpServlet.service(HttpServlet.java:729)[tomcat-servlet-api-8.0.24.jar:]
	at org.eclipse.jetty.servlet.ServletHolder.handle(ServletHolder.java:812)[jetty-all-9.2.22.v20170606.jar:9.2.22.v20170606]
	at org.eclipse.jetty.servlet.ServletHandler$CachedChain.doFilter(ServletHandler.java:1669)[jetty-all-9.2.22.v20170606.jar:9.2.22.v20170606]
	at org.apache.activemq.web.AuditFilter.doFilter(AuditFilter.java:59)[activemq-web-5.15.0.jar:5.15.0]
	at org.eclipse.jetty.servlet.ServletHandler$CachedChain.doFilter(ServletHandler.java:1652)[jetty-all-9.2.22.v20170606.jar:9.2.22.v20170606]
	at org.springframework.web.filter.RequestContextFilter.doFilterInternal(RequestContextFilter.java:99)[spring-web-4.3.9.RELEASE.jar:4.3.9.RELEASE]
	at org.springframework.web.filter.OncePerRequestFilter.doFilter(OncePerRequestFilter.java:107)[spring-web-4.3.9.RELEASE.jar:4.3.9.RELEASE]
	at org.eclipse.jetty.servlet.ServletHandler$CachedChain.doFilter(ServletHandler.java:1652)[jetty-all-9.2.22.v20170606.jar:9.2.22.v20170606]
	at org.apache.activemq.web.filter.ApplicationContextFilter.doFilter(ApplicationContextFilter.java:102)[file:/home/duckladydinh/Public/distributed_systems/jms/apache-activemq-5.15.0/webapps/admin/WEB-INF/classes/:]
	at org.eclipse.jetty.servlet.ServletHandler$CachedChain.doFilter(ServletHandler.java:1652)[jetty-all-9.2.22.v20170606.jar:9.2.22.v20170606]
	at org.eclipse.jetty.servlet.ServletHandler.doHandle(ServletHandler.java:585)[jetty-all-9.2.22.v20170606.jar:9.2.22.v20170606]
	at org.eclipse.jetty.server.handler.ScopedHandler.handle(ScopedHandler.java:143)[jetty-all-9.2.22.v20170606.jar:9.2.22.v20170606]
	at org.eclipse.jetty.security.SecurityHandler.handle(SecurityHandler.java:542)[jetty-all-9.2.22.v20170606.jar:9.2.22.v20170606]
	at org.eclipse.jetty.server.session.SessionHandler.doHandle(SessionHandler.java:223)[jetty-all-9.2.22.v20170606.jar:9.2.22.v20170606]
	at org.eclipse.jetty.server.handler.ContextHandler.doHandle(ContextHandler.java:1127)[jetty-all-9.2.22.v20170606.jar:9.2.22.v20170606]
	at org.eclipse.jetty.servlet.ServletHandler.doScope(ServletHandler.java:515)[jetty-all-9.2.22.v20170606.jar:9.2.22.v20170606]
	at org.eclipse.jetty.server.session.SessionHandler.doScope(SessionHandler.java:185)[jetty-all-9.2.22.v20170606.jar:9.2.22.v20170606]
	at org.eclipse.jetty.server.handler.ContextHandler.doScope(ContextHandler.java:1061)[jetty-all-9.2.22.v20170606.jar:9.2.22.v20170606]
	at org.eclipse.jetty.server.handler.ScopedHandler.handle(ScopedHandler.java:141)[jetty-all-9.2.22.v20170606.jar:9.2.22.v20170606]
	at org.eclipse.jetty.server.handler.HandlerCollection.handle(HandlerCollection.java:110)[jetty-all-9.2.22.v20170606.jar:9.2.22.v20170606]
	at org.eclipse.jetty.security.SecurityHandler.handle(SecurityHandler.java:542)[jetty-all-9.2.22.v20170606.jar:9.2.22.v20170606]
	at org.eclipse.jetty.server.handler.HandlerCollection.handle(HandlerCollection.java:110)[jetty-all-9.2.22.v20170606.jar:9.2.22.v20170606]
	at org.eclipse.jetty.server.handler.HandlerWrapper.handle(HandlerWrapper.java:97)[jetty-all-9.2.22.v20170606.jar:9.2.22.v20170606]
	at org.eclipse.jetty.server.Server.handle(Server.java:499)[jetty-all-9.2.22.v20170606.jar:9.2.22.v20170606]
	at org.eclipse.jetty.server.HttpChannel.handle(HttpChannel.java:311)[jetty-all-9.2.22.v20170606.jar:9.2.22.v20170606]
	at org.eclipse.jetty.server.HttpConnection.onFillable(HttpConnection.java:258)[jetty-all-9.2.22.v20170606.jar:9.2.22.v20170606]
	at org.eclipse.jetty.io.AbstractConnection$2.run(AbstractConnection.java:544)[jetty-all-9.2.22.v20170606.jar:9.2.22.v20170606]
	at org.eclipse.jetty.util.thread.QueuedThreadPool.runJob(QueuedThreadPool.java:635)[jetty-all-9.2.22.v20170606.jar:9.2.22.v20170606]
	at org.eclipse.jetty.util.thread.QueuedThreadPool$3.run(QueuedThreadPool.java:555)[jetty-all-9.2.22.v20170606.jar:9.2.22.v20170606]
	at java.lang.Thread.run(Thread.java:748)[:1.8.0_131]
2017-07-22 18:32:02,698 | INFO  | Apache ActiveMQ 5.15.0 (localhost, ID:duckladydinh-32775-1500740498470-0:1) is shutting down | org.apache.activemq.broker.BrokerService | ActiveMQ ShutdownHook
2017-07-22 18:32:02,700 | INFO  | Connector openwire stopped | org.apache.activemq.broker.TransportConnector | ActiveMQ ShutdownHook
2017-07-22 18:32:02,700 | INFO  | Connector amqp stopped | org.apache.activemq.broker.TransportConnector | ActiveMQ ShutdownHook
2017-07-22 18:32:02,701 | INFO  | Connector stomp stopped | org.apache.activemq.broker.TransportConnector | ActiveMQ ShutdownHook
2017-07-22 18:32:02,702 | INFO  | Connector mqtt stopped | org.apache.activemq.broker.TransportConnector | ActiveMQ ShutdownHook
2017-07-22 18:32:02,705 | INFO  | Connector ws stopped | org.apache.activemq.broker.TransportConnector | ActiveMQ ShutdownHook
2017-07-22 18:32:02,708 | INFO  | PListStore:[/home/duckladydinh/Public/distributed_systems/jms/apache-activemq-5.15.0/data/localhost/tmp_storage] stopped | org.apache.activemq.store.kahadb.plist.PListStoreImpl | ActiveMQ ShutdownHook
2017-07-22 18:32:02,709 | INFO  | Stopping async queue tasks | org.apache.activemq.store.kahadb.KahaDBStore | ActiveMQ ShutdownHook
2017-07-22 18:32:02,709 | INFO  | Stopping async topic tasks | org.apache.activemq.store.kahadb.KahaDBStore | ActiveMQ ShutdownHook
2017-07-22 18:32:02,710 | INFO  | Stopped KahaDB | org.apache.activemq.store.kahadb.KahaDBStore | ActiveMQ ShutdownHook
2017-07-22 18:32:02,930 | INFO  | Apache ActiveMQ 5.15.0 (localhost, ID:duckladydinh-32775-1500740498470-0:1) uptime 10 minutes | org.apache.activemq.broker.BrokerService | ActiveMQ ShutdownHook
2017-07-22 18:32:02,930 | INFO  | Apache ActiveMQ 5.15.0 (localhost, ID:duckladydinh-32775-1500740498470-0:1) is shutdown | org.apache.activemq.broker.BrokerService | ActiveMQ ShutdownHook
2017-07-22 18:32:02,931 | INFO  | Closing org.apache.activemq.xbean.XBeanBrokerFactory$1@27c20538: startup date [Sat Jul 22 18:21:37 CEST 2017]; root of context hierarchy | org.apache.activemq.xbean.XBeanBrokerFactory$1 | ActiveMQ ShutdownHook
2017-07-22 18:32:02,933 | INFO  | Destroying Spring FrameworkServlet 'dispatcher' | /admin | ActiveMQ ShutdownHook
